[2026-07-08 23:09:26] [INFO] === 기사 검수 시작: articles.json ===
[2026-07-08 23:09:26] [INFO] 기사 5건 검수 중...
[2026-07-08 23:09:26] [INFO]   기사 #0 [공급망전쟁] OK — 고려아연, 갈륨 年15.5t 생산…중국 독점 균열 시작...
[2026-07-08 23:09:26] [INFO]   기사 #1 [공급망전쟁] OK — 게르마늄도 한국산으로…중국 수출규제 1호 소재 공급망 ...
[2026-07-08 23:09:26] [INFO]   기사 #2 [기술패권] OK — 미중 반도체 규제 충돌…韓 삼성·SK, 위기와 기회 동...
[2026-07-08 23:09:26] [INFO]   기사 #3 [산업전략] OK — 삼성·SK·현대차 AI 제조국가 선언…反도체 넘어 피지...
[2026-07-08 23:09:26] [INFO]   기사 #4 [글로벌분석] OK — 美 완성차, 중국산 부품 완전 제거…韓 자동차 부품사 ...
[2026-07-08 23:09:26] [INFO]   카테고리 분포: 공급망전쟁:2건, 기술패권:1건, 산업전략:1건, 글로벌분석:1건
[2026-07-08 23:09:26] [INFO] 
==================================================
검수 결과: ✅ PASS
기사 수: 5건
오류: 0건, 경고: 0건
카테고리: 공급망전쟁:2건, 기술패권:1건, 산업전략:1건, 글로벌분석:1건
==================================================
[2026-07-09 11:10:58] [INFO] === 기사 검수 시작: articles.json ===
[2026-07-09 11:10:58] [INFO] 기사 5건 검수 중...
[2026-07-09 11:10:58] [INFO]   기사 #0 [공급망전쟁] OK — 고려아연 갈륨 생산 2028년 개시…중국 의존도 90%...
[2026-07-09 11:10:58] [INFO]   기사 #1 [공급망전쟁] OK — 한국, 워싱턴 Pax Silica 정상회의서 AI 공급...
[2026-07-09 11:10:58] [INFO]   기사 #2 [기술패권] OK — 반도체 패권 3강 체제…韓, 메모리 외 파운드리·소재서...
[2026-07-09 11:10:58] [INFO]   기사 #3 [산업전략] OK — 피지컬 AI 국회 포럼…제조업 AI 전환, 한국 실행 ...
[2026-07-09 11:10:58] [INFO]   기사 #4 [글로벌분석] OK — 韓 공급망 회복탄력성 전략…800조 베팅의 실질 리스크...
[2026-07-09 11:10:58] [INFO]   카테고리 분포: 공급망전쟁:2건, 기술패권:1건, 산업전략:1건, 글로벌분석:1건
[2026-07-09 11:10:58] [INFO] 
==================================================
검수 결과: ✅ PASS
기사 수: 5건
오류: 0건, 경고: 0건
카테고리: 공급망전쟁:2건, 기술패권:1건, 산업전략:1건, 글로벌분석:1건
==================================================
[2026-07-10 11:12:15] [INFO] === 기사 검수 시작: articles.json ===
[2026-07-10 11:12:15] [INFO] 기사 5건 검수 중...
[2026-07-10 11:12:15] [INFO]   기사 #0 [공급망전쟁] OK — 中 갈륨·게르마늄 동시 봉쇄, 韓 고려아연 2028년 ...
[2026-07-10 11:12:15] [INFO]   기사 #1 [공급망전쟁] OK — 미중 자본통제 교차규제, 韓 반도체·배터리 소재 이중노...
[2026-07-10 11:12:15] [INFO]   기사 #2 [기술패권] OK — 韓 800조 반도체 베팅, AI 칩 전쟁서 메모리 독주...
[2026-07-10 11:12:15] [INFO]   기사 #3 [산업전략] OK — 한경협 AI·반도체 성장판, 세제·금융 패키지 구체안 ...
[2026-07-10 11:12:15] [INFO]   기사 #4 [글로벌분석] OK — 대만 실리콘스톰 2억 달러 유치, 미중 패권 틈새 팹리...
[2026-07-10 11:12:15] [INFO]   카테고리 분포: 공급망전쟁:2건, 기술패권:1건, 산업전략:1건, 글로벌분석:1건
[2026-07-10 11:12:15] [INFO] 
==================================================
검수 결과: ✅ PASS
기사 수: 5건
오류: 0건, 경고: 0건
카테고리: 공급망전쟁:2건, 기술패권:1건, 산업전략:1건, 글로벌분석:1건
==================================================
[2026-07-11 10:56:16] [INFO] === 기사 검수 시작: articles.json ===
[2026-07-11 10:56:16] [INFO] 기사 5건 검수 중...
[2026-07-11 10:56:16] [INFO]   기사 #0 [공급망전쟁] OK — 게르마늄 이어 갈륨까지…고려아연, 中 전략광물 봉쇄 정...
[2026-07-11 10:56:16] [INFO]   기사 #1 [공급망전쟁] OK — 미중 동시 수출규제, 韓 반도체 소재 '이중 교차 봉쇄...
[2026-07-11 10:56:16] [INFO]   기사 #2 [기술패권] OK — 韓 800조 반도체 투자, AI 칩 전쟁서 메모리 이외...
[2026-07-11 10:56:16] [INFO]   기사 #3 [산업전략] OK — 삼성·SK·현대차 AI 제조국가 선언, 투자 수혜 지역...
[2026-07-11 10:56:16] [INFO]   기사 #4 [글로벌분석] OK — 미중 패권 속 韓 '전략적 균형외교', 실리콘 동맹 참...
[2026-07-11 10:56:16] [INFO]   카테고리 분포: 공급망전쟁:2건, 기술패권:1건, 산업전략:1건, 글로벌분석:1건
[2026-07-11 10:56:16] [INFO] 
==================================================
검수 결과: ✅ PASS
기사 수: 5건
오류: 0건, 경고: 0건
카테고리: 공급망전쟁:2건, 기술패권:1건, 산업전략:1건, 글로벌분석:1건
==================================================
[2026-07-12 10:59:06] [INFO] === 기사 검수 시작: articles.json ===
[2026-07-12 10:59:06] [INFO] 기사 5건 검수 중...
[2026-07-12 10:59:06] [INFO]   기사 #0 [공급망전쟁] OK — 동남아, 미중 공급망 압박에 양자택일 기로...
[2026-07-12 10:59:06] [INFO]   기사 #1 [공급망전쟁] OK — 갈륨·게르마늄 탈중국, 한국 소재 공급망 재편 속도...
[2026-07-12 10:59:06] [INFO]   기사 #2 [기술패권] OK — 미중 AI 패권, 한국 반도체 '필수 허브' 부상...
[2026-07-12 10:59:06] [INFO]   기사 #3 [산업전략] OK — 반도체·AI·데이터센터 삼각축, 수도권 집중 투자 명암...
[2026-07-12 10:59:06] [INFO]   기사 #4 [공급망전쟁] OK — 미중 규제 충돌, 韓 반도체 소재 이중 리스크 경로 확...
[2026-07-12 10:59:06] [INFO]   카테고리 분포: 공급망전쟁:3건, 기술패권:1건, 산업전략:1건
[2026-07-12 10:59:06] [INFO] 
==================================================
검수 결과: ✅ PASS
기사 수: 5건
오류: 0건, 경고: 1건
카테고리: 공급망전쟁:3건, 기술패권:1건, 산업전략:1건
상세:

  [이미지 검수]
    ⚠️  기사 #4 (미중 규제 충돌, 韓 반도체 소재 이중 리스크 경로 확): 이미지 중복 감지: 기사 #1와 동일한 이미지
==================================================
[2026-07-13 11:01:00] [INFO] === 기사 검수 시작: articles.json ===
[2026-07-13 11:01:00] [INFO] 기사 5건 검수 중...
[2026-07-13 11:01:00] [INFO]   기사 #0 [공급망전쟁] OK — 고려아연 갈륨 15.5t, 중국 99% 독점 깨는 첫 ...
[2026-07-13 11:01:00] [INFO]   기사 #1 [공급망전쟁] OK — 게르마늄 한국산 재편, 중국 수출규제 2년의 공급망 지...
[2026-07-13 11:01:00] [INFO]   기사 #2 [기술패권] OK — Pax Silica 워싱턴 회의, 韓 AI 공급망 협상...
[2026-07-13 11:01:00] [INFO]   기사 #3 [산업전략] OK — 엔비디아·AMD 격전, 韓 HBM·패키징 소재 수요처 ...
[2026-07-13 11:01:00] [INFO]   기사 #4 [글로벌분석] OK — 동남아 공급망 딜레마, 韓 소재 기업엔 우회 진입로...
[2026-07-13 11:01:00] [INFO]   카테고리 분포: 공급망전쟁:2건, 기술패권:1건, 산업전략:1건, 글로벌분석:1건
[2026-07-13 11:01:00] [INFO] 
==================================================
검수 결과: ✅ PASS
기사 수: 5건
오류: 0건, 경고: 0건
카테고리: 공급망전쟁:2건, 기술패권:1건, 산업전략:1건, 글로벌분석:1건
==================================================
